[    0.000000] Initializing cgroup subsys cpust
[    .000000]Initialiing cgroup subsys cpu
[    0.0000] Initialing cgroup subsys cpuacct
[    0.000000] inx version 4.4.0-133-geeric buildd@lgw0-amd64-29) (gccversion5..0 20160609 (Ubunu 5.40-6ubuntu1~16.04.10)) #159-Ubuntu SM Fri Aug 1 07:1:43 UTC 2018 (Ubuntu 4.4.0-133.159-generic 44.134)
[    0.0000] Commad line: BOOT_IMAG/bot/vmliuz-4.4.0-133-gener root=LBEL=cloudimg-rootfs ro conole=tty1 console=ttyS0
[    0.000000] KERNEL spportd cpus:
[   0.000000]   IntelGeuineIntl
[   0.000000   AMD AthenticMD
[    0.00000]  Centaur CenurHauls
[    0.00000] x86/fpu xstate_offset[2]:  576, xstate_sizes[2]:  256
[    0.000000] x86/pu Supportin XSAVE eature 0x01: 'x87 floating point registes'
[   0.0000] x86/fpu: Supporting XSAVE feature 0x02: 'SSE registers'
[    0.000000] x86/fpu: Supporting XSAVE feature 0x04: 'AVX registers'
[    0.00000] x86/fpu: Enabled xstate features 0x7, context size is 832 byts, using 'standard' format.
[    0.000000] x86/fpu Using 'eager' FPU context switches.
[    0.000000] e820: BIOS-provided physical RAM map:
[    0.000000] BIOS-e820: [mem 0x0000000000000000-0x000000000009fbff] usable
[    0.000000] BIOS-e820: [mem 0x000000000009fc00-0x000000000009ffff] reserved
[    0.000000] BIOS-e820: [em 0x00000000000f0000-0x00000000000fffff] reserved
[    0.000000] BIOS-e820: [mem 0x0000000000100000-0x000000003ffeffff] usable
[    0.000000] BIOS-e820: [mem 0x000000003fff0000-0x000000003fffffff] ACPI data
[    0.000000] BIOS-e820: [mem 0x00000000fec00000-0x00000000fec00fff] reserved
[    0.000000] BIOS-e820: [mem 0x00000000fee000000x0000000fe00fff] reserved
[    0.00000] BIOS-820: [mem 0x00000000fffc0000-0x00000000ffffffff] reserved
[   .000000] NX (Execute Disable) protection: active
[    0.000000] SMBIOS 2.5 present.
[    0.000000] Hypervisor detected: KVM
[    0.000000] e820: last_pfn = 0x3fff0 max_arch_pfn = 0x400000000
[    0.000000] MTRR: Disabled
[    0.000000] x86/PAT: MTRRs disabled, skipping PAT initialization too.
[    0.000000] CPU MTRRs all blank - virtualized system.
[    0.000000] x86PAT: Confguration [-7]: WB WT  UC- UC  W  WT  UC- UC  
[    0.00000]found SM MP-table t [mem 0x0009fff0-0x0009fffff] mapped at ffff8800009fff0
[    .0000000] Scanning 1 areas for low memory corruption
[    .000000 RAMDSK: [mem 0x3630c000-0x3717dff]
[    0.00000 ACPI: Erly table checksum verification disabled
    0.00000] ACPI: RSDP 0x0000000000E000 000024 (v2 VBOX )
[    .000000 ACPI: SDT 00x000000003FFF0030 00003C (v01 VBOX   VBOXXSDT 00000001 AL 00000061)
[    000000] ACPI: FACP 000000003FFF00F0 0000F4 (v04 VBOX   VOXFACP 0000001 ASL 0000006)
[    0.000000 ACPI: DDT 0x00000003FF0470 0021FF (v02 VOX   VBXBIOS 000000 INTL2001005)
[    0.00000] API: FACS 0x000000003FFF0200 000040
[    0.000000] ACPI: FACS0x0000003FFF0200 00000[    0.00000] ACPI: AIC 0x00000003FFF240 0005C (v02VBOOX   BOXAPIC 00000001 ASL  00000061)
[    0.000000] ACPI: SSDT 0x000000003FFF02A0 0001CC (v01 VBOX   VBOXCPUT 00000002 INTL 20100528)
[    0.000000] No NUMA configuration found
[    0.000000] Faking a node at [mem 0x0000000000000000-0x000000003ffeffff]
[    0.000000] NODE_DATA(0) allocated [mem 0x3ffeb000-0x3ffeffff]
[    0.000000] kvm-clock: Using msrs 4b564d01 and 4b564d00
[    0.000000] kvm-clock: cpu 0, msr 0:3ffe3001, primary cpu clock
[    0.000000] kvm-clock: using sched offset of 3668401258 cycles
[    0.000000] clocksource: kvm-clock: mask: 0xffffffffffffffff max_cycles: 0x1cd42e4dffb, max_idle_ns: 881590591483 ns
[    0.000000] Zone ranges:
[    0.000000]   DMA      [mem 0x0000000000001000-0x0000000000ffffff]
[    0.000000]   DMA32    [mem 0x0000000001000000-0x000000003ffeffff]
[    0.000000]   Normal   empty
[    0.000000]   Device   empty
[    0.000000] Movable zone start for each node
[    0.000000] Early memory node ranges
[    0.000000]   node   0: [mem 0x0000000000001000-0x000000000009efff]
[    0.000000]   node   0: [mem 0x0000000000100000-0x000000003ffeffff]
[    0.000000] Itmem setup node 0 [mem 0x000000000001000-0x00000003ffeffff]
[    0.000000] ACPI: PM-Timer IO Port: 0x4008
[    0.000000] IOAPC[0]: aic_id2, version 32, address 0xfec00000, GSI 0-23
[    0.00000] ACPI: INT_SRC_OVR (bus 0 bus_irq 0 global_irq 2 dfl dfl)
[    0.000000] ACPI: INT_SRC_OVR (bus 0 bus_irq 9 global_irq 9 low level)
[    0.000000] Using ACPI (MADT) for SMP configuration information
[    0.000000] smpboot: Allowing 2 CPUs, 0 hotplug CPUs
[    0.000000] PM: Registered nosave memory: [mem 0x00000000-0x00000fff]
[    0.000000] PM: Registered nosave memory: [mem 0x0009f000-0x0009ffff]
[    0.000000] PM: Registered nosave memory: [mem 0x000a0000-0x000effff]
[    0.000000] PM: Registered nosave memory: [mem 0x000f0000-0x000fffff]
[    0.000000] e820: [mem 0x40000000-0xfebfffff] available for PCI devices
[    0.000000] Booting paravirtualized kernel on KVM
[    0.000000] clocksource: refined-jiffies: mask: 0xffffffff max_cycles: 0xffffffff, max_idle_ns: 7645519600211568 ns
[    0.000000] setup_percpu: NR_CPUS:512 nr_cpumask_bits:512 nr_cpu_ids:2 nr_node_ids:1
[    0.000000] PERCPU: Embedded 34 pages/cpu @ffff88003fc000000 s9544 r8192 d31528 u10486
[    0.00000] PV qspinlock hash table entries: 256 (order: 0, 4096 bytes)
[    0.000000] Built 1 zonelists in Node order, mobility grouping on.  Total pages: 257912
[    0.000000] Policy zone: DMA32
[    0.000000] Kernel command line: BOOT_IMAGE=/boot/vmlinuz-4.4.0-133-generic root=LABEL=cloudimg-rootfs ro console=tty1 console=ttyS0
[    0.000000] PID hash table entries: 4096 (order: 3, 32768 bytes)
[    0.000000] Memory: 997712K/1048120K available (8550K kernel code, 1314K rwdata, 4004K rodata, 1528K init, 1316K bss, 50408K reserved, 0K cma-reserved)
[    0.000000] SLUB: HWalign=64, Order=0-3, MinObjects=0, CPUs=2, Nodes=1
[    0.000000] Kernel/User page tables isolation: enabled
[    0.000000] Hierarchical RCU implementation.
[    0.000000] 	Build-time adjustment of leaf fanout to 64.
[    0.000000] 	RCU restricting CPUs from NR_CPUS=512 to nr_cpu_ids=2.
[    0.000000] RU:Adjustin geometry for rcu_fanout_leaf=64, nr_cpu_ids=2
[    0.000000] NR_IRQS:33024 nr_irqs:440 16
[    0.000000] Console: colour VGA+ 80x25
[    0.000000] console [tty1] enabled
[    0.000000] console [ttyS0] enabled
[    0.000000] tsc: Detected 2494.226 MHz processor
[    2.213316] Calibrating delay loop (skipped) preset value.. 4988.45 BogoMIPS (lpj=9976904)
[    2.215303] pid_max: default: 32768 minimum: 301
[    2.216380] ACPI: Core revision 20150930
[    2.218065] ACPI: 2 ACPI AML tables successfully acquired and loaed
[    2230577] Securty Framework initialized
[    2.268861] Yama: becoming mindful.
[    2.293166] AppArmor: AppArmor initialized
[    2.314019] Dentry cache hash table entries: 131072 (order: 8, 1048576 bytes)
[    2.351024] Inode-cache hash table entries: 65536 (order: 7, 524288 bytes)
[    2.377779] Mount-cache hash table entries: 2048 (order: 2, 16384 bytes)
[    2.395055] Mountpoint-cache hash table entries: 2048 (order: 2, 16384 bytes)
[    2.429540] Initializing cgroup subsys io
[    2.453465] Initializing cgroup subsys memory
[    2.477908] Initializing cgroup subsys devices
[    2.489851] Initializing cgroup subsys freezer
[    2.497585] Initializing cgroup subsys net_cls
[    2.509364] Initializing cgroup subsys perf_event
[    2.521439] Initializing cgroup subsys net_prio
[    2.549621] Initializing cgroup subsys hugetlb
[    2.579620] Initializing cgroup subsys pids
[    2.595588] mce: CPU supports 0 MCE banks
[    2.621129] Last level iTLB entries: 4KB 1024, 2MB 1024, 4MB 1024
[    2.649636] Last level dTLB entries: 4KB 1024, 2MB 1024, 4MB 1024, 1GB 4
[    2.677559] Spectre V2 : Mitigation: Full generic retpoline
[    2.709587] Spectre V2 : Speculation control IBPB not-supported IBRS not-supported
[    2.717076] Speculative Store Bypass: Vulnerable
[    2.735412] Freeing SMP alternatives memory: 32K
[    2.771846] ftrace: allocating 32262 entries in 127 pages
[    2.821988] smpboot: APIC(0) Converting physical 0 to logical package 0
[    2.857534] smpboot: Max logical packages: 1
[    2.885988] x2apic enabled
[    2.902243] Switched APIC routing to physical x2apic.
[    2.942865] ..TIMER: vector=0x30 apic1=0 pin1=2 apic2=-1 pin2=-1
[    3.105210] smpboot: CPU0: Intel(R) Core(TM) i7-4870HQ CPU @ 2.50GHz (family: 0x6, model: 0x46, stepping: 0x1)
[    3.118129] Performance Events: unsupported p6 CPU model 70 no PMU driver, software events only.
[    3.138871] KVM setup paravirtual spinlock
[    3.146571] x86: Booting SMP configuration:
[    3.148091] .... node  #0, CPUs:      #1
[    3.150713] kvm-clock: cpu 1, msr 0:3ffe3041, secondary cpu clock
[    3.160637] mce: CPU supports 0 MCE banks
[    3.164112] x86: Booted up 1 node, 2 CPUs
[    3.169249] smpboot: Total of 2 processors activated (9976.90 BogoMIPS)
[    3.180237] devtmpfs: initialized
[    3.191709] evm: security.selinux
[    3.193994] evm: security.SMACK64
[    3.197048] evm: security.SMACK64EXEC
[    3.201248] evm: security.SMACK64TRANSMUTE
[    3.205423] evm: security.SMACK64MMAP
[    3.206473] evm: security.ima
[    3.207414] evm: security.capability
[    3.208789] clocksource: jiffies: mask: 0xffffffff max_cycles: 0xffffffff, max_idle_ns: 7645041785100000 ns
[    3.214478] futex hash table entries: 512 (order: 3, 32768 bytes)
[    3.217972] pinctrl core: initialized pinctrl subsystem
[    3.219266] RTC time:  4:53:43, date: 08/30/18
[    3.220482] NET: Registered protocol family 16
[    3.233531] cpuidle: using governor ladder
[    3.253670] cpuidle: using governor menu
[    3.256209] PCCT header not found.
[    3.270640] ACPI: bus type PCI registered
[    3.282536] acpiphp: ACPI Hot Plug PCI Controller Driver version: 0.5
[    3.301569] PCI: Using configuration type 1 for base access
[    3.335105] ACPI: Added _OSI(Module Device)
[    3.346096] ACPI: Added _OSI(Processor Device)
[    3.353798] ACPI: Added _OSI(3.0 _SCP Extensions)
[    3.370682] ACPI: Added _OSI(Processor Aggregator Device)
[    3.389951] ACPI: Executed 1 blocks of module-level executable AML code
[    3.419381] ACPI: Interpreter enabled
[    3.423132] ACPI: (supports S0 S5)
[    3.437540] ACPI: Using IOAPIC for interrupt routing
[    3.451147] PCI: Using host bridge windows from ACPI; if necessary, use "pci=nocrs" and report a bug
[    3.474396] ACPI: PCI Root Bridge [PCI0] (domain 0000 [bus 00-ff])
[    3.506743] acpi PNP0A03:00: _OSC: OS supports [ASPM ClockPM Segments MSI]
[    3.529735] acpi PNP0A03:00: _OSC: not requesting OS control; OS requires [ExtendedConfig ASPM ClockPM MSI]
[    3.553581] acpi PNP0A03:00: fail to add MMCONFIG information, can't access extended PCI configuration space under this bridge.
[    3.590064] PCI host bridge to bus 0000:00
[    3.601267] pci_bus 0000:00: root bus resource [io  0x0000-0x0cf7 window]
[    3.637459] pci_bus 0000:00: root bus resource [io  0x0d00-0xffff window]
[    3.651654] pci_bus 0000:00: root bus resource [mem 0x000a0000-0x000bffff window]
[    3.671098] pci_bus 0000:00: root bus resource [mem 0x40000000-0xfdffffff window]
[    3.697774] pci_bus 0000:00: root bus resource [bus 00-ff]
[    3.728197] pci 0000:00:01.1: legacy IDE quirk: reg 0x10: [io  0x01f0-0x01f7]
[    3.741354] pci 0000:00:01.1: legacy IDE quirk: reg 0x14: [io  0x03f6]
[    3.758569] pci 0000:00:01.1: legacy IDE quirk: reg 0x18: [io  0x0170-0x0177]
[    3.777701] pci 0000:00:01.1: legacy IDE quirk: reg 0x1c: [io  0x0376]
[    3.830333] pci 0000:00:07.0: quirk: [io  0x4000-0x403f] claimed by PIIX4 ACPI
[    3.843970] pci 0000:00:07.0: quirk: [io  0x4100-0x410f] claimed by PIIX4 SMB
[    3.891423] ACPI: PCI Interrupt Link [LNKA] (IRQs 5 9 10 *11)
[    3.915080] ACPI: PCI Interrupt Link [LNKB] (IRQs 5 9 *10 11)
[    3.917709] ACPI: PCI Interrupt Link [LNKC] (IRQs 5 *9 10 11)
[    3.941783] ACPI: PCI Interrupt Link [LNKD] (IRQs 5 9 10 *11)
[    3.944550] ACPI: Enabled 2 GPEs in block 00 to 07
[    3.959163] vgaarb: setting as boot device: PCI:0000:00:02.0
[    3.974568] vgaarb: device added: PCI:0000:00:02.0,decodes=io+mem,owns=io+mem,locks=none
[    3.980845] vgaarb: loaded
[    3.989809] vgaarb: bridge control possible 0000:00:02.0
[    4.015002] SCSI subsystem initialized
[    4.027126] ACPI: bus type USB registered
[    4.030730] usbcore: registered new interface driver usbfs
[    4.035859] usbcore: registered new interface driver hub
[    4.046953] usbcore: registered new device driver usb
[    4.051828] PCI: Using ACPI for IRQ routing
[    4.053376] NetLabel: Initializing
[    4.055580] NetLabel:  domain hash size = 128
[    4.070882] NetLabel:  protocols = UNLABELED CIPSOv4
[    4.079357] NetLabel:  unlabeled traffic allowed by default
[    4.083012] amd_nb: Cannot enumerate AMD northbridges
[    4.089752] clocksource: Switched to clocksource kvm-clock
[    4.11843] AppAror: AppAmor Filesysem Enabled
[    4.30541] np: PnPACPI init
[    4.299317] pnp: PnP ACPI: found 3 devices

[    4.312343] clocksource: acpi_pm: mask: 0xffffff max_cycles: 0xffffff, max_idle_ns: 2085701024 ns
[    4.315469] NET: Registered protocol family 2
[    4.322851] TCP established hash table entries: 8192 (order: 4, 65536 bytes)
[    4.324817] TCP bind hash table ntries: 8192 (order: 5, 131072 bytes)
[    4.350313] TCP: Hash tables configured (established 8192 bind 8192)
[    4.352405] UDP hash table entries: 512 (order: 2, 16384 byte)
[   4.37548] UDP-Lie hash tble enties: 51 (order:2, 1638 bytes)[    4.6614] NET Registred protcol family1
[    4.15174] pci 000:00:00.: Limting diect PI/CItransfers[    4.90840] pc 00000001.0 Activaing ISA MAhang wokaounds
[    5.14220] Unpckinginitramfs..

[    5.424475] Freeing initrd memory: 14792K
[    5.426191] platform rtc_cmos: registered platform RTC device (no PNP device found)
[    5.430100] Scanning for low memory corruption every 60 seconds
[    5.435231] audit: initializing netlink subsys (disabled)
[    5.437095] audit: type=2000 audit(1535604827.734:1): initialized
[    5.439171] Initialise system trusted keyring
[    5.443920] HugeTLB registered 2 MB page size, pre-allocated 0 pages
[    5.449010] zbud: loaded
[    5.450317] VFS: Disk quotas dquot_6.6.0
[    5.451550] VFS: Dquot-cache hash table entries: 512 (order 0, 4096 bytes)
[    5.453766] squashfs: version 4.0 (2009/01/31) Phillip Lougher
[    5.455744] fuse init (API version 7.23)
[    5.457131] Key type big_key registered
[    5.458370] Allocating IMA MOK and blacklist keyrings.
[    5.461293] Key type asymmetric registered
[    5.462696] Asymmetric key parser 'x509' registered
[    5.464354] Block layer SCSI generic (bsg) driver version 0.4 loaded (major 249)
[    5.466195] io scheduler noop registered
[    5.467201] io scheduler deadline registered (default)
[    5.468465] io scheduler cfq registered
[    5.469495] pci_hotplug: PCI Hot Plug PCI Core version: 0.5
[    5.470792] pciehp: PCI Express Hot Plug Controller Driver version: 0.4
[    5.472543] ACPI: AC Adapter [AC] (on-line)
[    5.473575] input: Power Button as /devices/LNXSYSTM:00/LNXPWRBN:00/input/input0
[    5.481004] ACPI: Power Button [PWRF]
[    5.483974] input: Sleep Button as /devices/LNXSYSTM:00/LNXSLPBN:00/input/input1
[    5.554291] ACPI: Sleep Button [SLPF]
[    5.586601] ACPI: Battery Slot [BAT0] (battery present)
[    5.644732] GHES: HEST is not enabled!
[    5.665294] Serial: 8250/16550 driver, 32 ports, IRQ sharing enabled
[    5.709779] 00:02: ttyS0 at I/O 0x3f8 (irq = 4, base_baud = 115200) is a 16550A
[    5.749003] Linux agpgart interface v0.103
[    5.780592] loop: module loaded
[    5.795384] scsi host0: ata_piix
[    5.815687] scsi host1: ata_piix
[    5.844537] ata1: PATA max UDMA/33 cmd 0x1f0 ctl 0x3f6 bmdma 0xd000 irq 14
[    5.937883] ata2: PATA max UDMA/33 cmd 0x170 ctl 0x376 bmdma 0xd008 irq 15
[    6.015491] libphy: Fixed MDIO Bus: probed
[    6.070172] tun: Universal TUN/TAP device driver, 1.6
[    6.088175] tun: (C) 1999-2004 Max Krasnyansky <maxk@qualcomm.com>
[    6.113157] PPP generic driver version 2.4.2
[    6.154633] ehci_hcd: USB 2.0 'Enhanced' Host Controller (EHCI) Driver
[    6.215282] ehci-pci: EHCI PCI platform driver
[    6.255123] ehci-platform: EHCI generic platform driver
[    6.288374] ohci_hcd: USB 1.1 'Open' Host Controller (OHCI) Driver
[    6.355478] ohci-pci: OHCI PCI platform driver
[    6.415348] ohci-platform: OHCI generic platform driver
[    6.441197] tsc: Refined TSC clocksource calibration: 2494.224 MHz
[    6.501945] clocksource: tsc: mask: 0xffffffffffffffff max_cycles: 0x23f3e9a353a, max_idle_ns: 440795330815 ns
[    6.502033] uhci_hcd: USB Universal Host Controller Interface driver
[    6.502116] i8042: PNP: PS/2 Controller [PNP0303:PS2K,PNP0f03:PS2M] at 0x60,0x64 irq 1,12
[    6.502547] serio: i8042 KBD port at 0x60,0x64 irq 1
[    6.502553] serio: i8042 AUX port at 0x60,0x64 irq 12
[    6.522588] mousedev: PS/2 mouse device common for all mice
[    6.522914] input: AT Translated Set 2 keyboard as /devices/platform/i8042/serio0/input/input2
[    6.523353] rtc_cmos rtc_cmos: rtc core: registered rtc_cmos as rtc0
[    6.523420] rtc_cmos rtc_cmos: alarms up to one day, 114 bytes nvram
[    6.523428] i2c /dev entries driver
[    6.523484] device-mapper: uevent: version 1.0.3
[    6.523548] device-mapper: ioctl: 4.34.0-ioctl (2015-10-28) initialised: dm-devel@redhat.com
[    6.523569] ledtrig-cpu: registered to indicate activity on CPUs
[    6.523953] NET: Registered protocol family 10
[    6.524174] NET: Registered protocol family 17
[    6.524183] Key type dns_resolver registered
[    6.524446] registered taskstats version 1
[    6.524456] Loading compiled-in X.509 certificates
[    6.525175] Loaded X.509 cert 'Build time autogenerated kernel key: 2bd7eec8ea2fedbeeda78e0b663eb647cf617c40'
[    6.525195] zswap: loaded using pool lzo/zbud
[    6.526798] Key type trusted registered
[    6.529284] Key type encrypted registered
[    6.529291] AppArmor: AppArmor sha1 policy hashing enabled
[    6.529294] ima: No TPM chip found, activating TPM-bypass!
[    6.529297] ima: Allocated hash algorithm: sha1
[    6.529309] evm: HMAC attrs: 0x1
[    6.529712]   Magic number: 14:29:870
[    6.537063] rtc_cmos rtc_cmos: setting system clock to 2018-08-30 04:53:47 UTC (1535604827)
[    6.537172] BIOS EDD facility v0.16 2004-Jun-25, 0 devices found
[    6.537172] EDD information not available.
[    6.591529] Freeing unused kernel memory: 1528K
[    7.262961] Write protecting the kernel read-only data: 14336k
[    7.425981] Freeing unused kernel memory: 1676K
[    7.595297] Freeing unused kernel memory: 92K
Loading, please wait...
starting version[    7.631792] random: systemd-udevd: uninitialized urandom read (16 bytes read, 4 bits of entropy available)
 229
[    7.631987] random: udevadm: uninitialized urandom read (16 bytes read, 4 bits of entropy available)
[    7.632004] random: udevadm: uninitialized urandom read (16 bytes read, 4 bits of entropy available)
[    7.641080] random: udevadm: uninitialized urandom read (16 bytes read, 4 bits of entropy available)
[    7.641117] random: udevadm: uninitialized urandom read (16 bytes read, 4 bits of entropy available)
[    7.641239] random: udevadm: uninitialized urandom read (16 bytes read, 4 bits of entropy available)
[    7.641290] random: udevadm: uninitialized urandom read (16 bytes read, 4 bits of entropy available)
[    7.641336] random: udevadm: uninitialized urandom read (16 bytes read, 4 bits of entropy available)
[    7.641377] random: udevadm: uninitialized urandom read (16 bytes read, 4 bits of entropy available)
[    7.641426] random: udevadm: uninitialized urandom read (16 bytes read, 4 bits of entropy available)
[    7.744402] Fusion MPT base driver 3.04.20
[    7.752640] Copyright (c) 1999-2008 LSI Corporation
[    7.788140] e1000: Intel(R) PRO/1000 Network Driver - version 7.3.21-k8-NAPI
[    7.827518] e1000: Copyright (c) 1999-2006 Intel Corporation.
[    7.861033] AVX2 version of gcm_enc/dec engaged.
[    7.877502] AES CTR mode by8 optimization enabled
[    7.883479] Fusion MPT SPI Host driver 3.04.20
[    7.989145] input: ImExPS/2 Generic Explorer Mouse as /devices/platform/i8042/serio1/input/input4
[    8.258976] e1000 0000:00:03.0 eth0: (PCI:33MHz:32-bit) 02:48:3e:15:b5:0c
[    8.290779] e1000 0000:00:03.0 eth0: Intel(R) PRO/1000 Network Connection
[    8.884117] e1000 0000:00:08.0 eth1: (PCI:33MHz:32-bit) 08:00:27:62:c4:26
[    8.911262] e1000 0000:00:08.0 eth1: Intel(R) PRO/1000 Network Connection
[    8.932873] e1000 0000:00:08.0 enp0s8: renamed from eth1
[    8.956034] mptbase: ioc0: Initiating bringup
[    8.990746] e1000 0000:00:03.0 enp0s3: renamed from eth0
[    9.075009] ioc0: LSI53C1030 A0: Capabilities={Initiator}
[    9.596824] scsi host2: ioc0: LSI53C1030 A0, FwRev=00000000h, Ports=1, MaxQ=256, IRQ=20
[   10.433555] scsi 2:0:0:0: Direct-Access     VBOX     HARDDISK         1.0  PQ: 0 ANSI: 5
[   10.515590] scsi target2:0:0: Beginning Domain Validation
[   10.569518] scsi target2:0:0: Domain Validation skipping write tests
[   10.571069] scsi target2:0:0: Ending Domain Validation
[   10.572343] scsi target2:0:0: asynchronous
[   10.574317] scsi 2:0:1:0: Direct-Access     VBOX     HARDDISK         1.0  PQ: 0 ANSI: 5
[   10.576167] scsi target2:0:1: Beginning Domain Validation
[   10.588100] scsi target2:0:1: Domain Validation skipping write tests
[   10.614718] scsi target2:0:1: Ending Domain Validation
[   10.677576] scsi target2:0:1: asynchronous
[   10.729762] sd 2:0:0:0: Attached scsi generic sg0 type 0
[   10.729858] sd 2:0:0:0: [sda] 20971520 512-byte logical blocks: (10.7 GB/10.0 GiB)
[   10.729988] sd 2:0:0:0: [sda] Write Protect is off
[   10.730064] sd 2:0:0:0: [sda] Incomplete mode parameter data
[   10.730065] sd 2:0:0:0: [sda] Assuming drive cache: write through
[   10.732579]  sda: sda1
[   10.733454] sd 2:0:0:0: [sda] Attached SCSI disk
[   10.855455] sd 2:0:1:0: Attached scsi generic sg1 type 0
[   10.855685] sd 2:0:1:0: [sdb] 20480 512-byte logical blocks: (10.5 MB/10.0 MiB)
[   10.855964] sd 2:0:1:0: [sdb] Write Protect is off
[   10.856121] sd 2:0:1:0: [sdb] Incomplete mode parameter data
[   10.856122] sd 2:0:1:0: [sdb] Assuming drive cache: write through
[   10.860532] sd 2:0:1:0: [sdb] Attached SCSI disk
Begin: Loading e[   12.292416] md: linear personality registered for level -1
ssential drivers ... [   12.321647] md: multipath personality registered for level -4
[   12.365105] md: raid0 personality registered for level 0
[   12.417774] md: raid1 personality registered for level 1
[   12.525772] raid6: sse2x1   gen() 10602 MB/s
[   12.598021] raid6: sse2x1   xor()  8857 MB/s
[   12.670231] raid6: sse2x2   gen() 14538 MB/s
[   12.758353] raid6: sse2x2   xor()  9671 MB/s
[   12.829887] raid6: sse2x4   gen() 16047 MB/s
[   12.902016] raid6: sse2x4   xor() 11562 MB/s
[   12.989954] raid6: avx2x1   gen() 21569 MB/s
[   13.066006] raid6: avx2x2   gen() 25070 MB/s
[   13.133988] raid6: avx2x4   gen() 29402 MB/s
[   13.146387] raid6: using algorithm avx2x4 gen() 29402 MB/s
[   13.164844] raid6: using avx2x2 recovery algorithm
[   13.184351] xor: automatically using best checksumming function:
[   13.262120]    avx       : 27148.000 MB/sec
[   13.266673] async_tx: api initialized (async)
[   13.276261] md: raid6 personality registered for level 6
[   13.279712] md: raid5 personality registered for level 5
[   13.282721] md: raid4 personality registered for level 4
[   13.289749] md: raid10 personality registered for level 10
done.
Begin: Running /scripts/init-premount ... done.
Begin: Mounting root file system ... Begin: Running /scripts/local-top ... done.
Begin: Running /scripts/local-premount ... [   13.324114] Btrfs loaded
Scanning for Btrfs filesystems
done.
Warning: fsck no[   13.354725] EXT4-fs (sda1): mounted filesystem with ordered data mode. Opts: (null)
t present, so skipping root file system
done.
Begin: Running /scripts/local-bottom ... done.
Begin: Running /scripts/init-bottom ... done.
[   13.461351] systemd[1]: systemd 229 running in system mode. (+PAM +AUDIT +SELINUX +IMA +APPARMOR +SMACK +SYSVINIT +UTMP +LIBCRYPTSETUP +GCRYPT +GNUTLS +ACL +XZ -LZ4 +SECCOMP +BLKID +ELFUTILS +KMOD -IDN)
[   13.470159] systemd[1]: Detected virtualization oracle.
[   13.471498] systemd[1]: Detected architecture x86-64.

Welcome to [1mUbuntu 16.04.5 LTS[0m!

[   13.477942] systemd[1]: Set hostname to <ubuntu-xenial>.
[   13.697802] systemd[1]: Started Trigger resolvconf update for networkd DNS.
[[0;32m  OK  [0m] Started Trigger resolvconf update for networkd DNS.
[   13.702407] systemd[1]: Listening on Journal Socket.
[[0;32m  OK  [0m] Listening on Journal Socket.
[   13.705195] systemd[1]: Listening on Device-mapper event daemon FIFOs.
[[0;32m  OK  [0m] Listening on Device-mapper event daemon FIFOs.
[   13.718813] systemd[1]: Listening on Syslog Socket.
[[0;32m  OK  [0m] Listening on Syslog Socket.
[   13.750312] systemd[1]: Listening on LVM2 metadata daemon socket.
[[0;32m  OK  [0m] Listening on LVM2 metadata daemon socket.
[   13.830208] systemd[1]: Reached target System Time Synchronized.
[[0;32m  OK  [0m] Reached target System Time Synchronized.
[   13.882864] systemd[1]: Listening on Journal Socket (/dev/log).
[[0;32m  OK  [0m] Listening on Journal Socket (/dev/log).
[   13.943088] systemd[1]: Set up automount Arbitrary Executable File Formats File System Automount Point.
[[0;32m  OK  [0m] Set up automount Arbitrary Executab...ats File System Automount Point.
[   14.075437] systemd[1]: Created slice System Slice.
[[0;32m  OK  [0m] Created slice System Slice.
[   14.114623] systemd[1]: Starting Nameserver information manager...
         Starting Nameserver information manager...
[   14.126391] systemd[1]: Starting Monitoring of LVM2 mirrors, snapshots etc. using dmeventd or progress polling...
         Starting Monitoring of LVM2 mirrors... dmeventd or progress polling...
[   14.137238] systemd[1]: Mounting POSIX Message Queue File System...
         Mounting POSIX Message Queue File System...
[   14.159044] systemd[1]: Mounting Huge Pages File System...
         Mounting Huge Pages File System...
[   14.206432] systemd[1]: Starting Create list of required static device nodes for the current kernel...
         Starting Create list of required st... nodes for the current kernel...
[   14.278406] systemd[1]: Reached target Encrypted Volumes.
[[0;32m  OK  [0m] Reached target Encrypted Volumes.
[   14.342500] systemd[1]: Starting Set console keymap...
         Starting Set console keymap...
[   14.358458] systemd[1]: Created slice User and Session Slice.
[[0;32m  OK  [0m] Created slice User and Session Slice.
[   14.378094] systemd[1]: Reached target Slices.
[[0;32m  OK  [0m] Reached target Slices.
[   14.397981] systemd[1]: Starting Load Kernel Modules...
[   14.405931] Loading iSCSI transport class v2.0-870.
         Starting Load Kernel Modules...
[   14.417451] systemd[1]: Listening on Journal Audit Socket.
[   14.419698] iscsi: registered transport (tcp)
[[0;32m  OK  [0m] Listening on Journal Audit Socket.
[   14.443046] iscsi: registered transport (iser)
[   14.445982] systemd[1]: Starting Journal Service...
         Starting Journal Service...
[   14.451676] systemd[1]: Starting Remount Root and Kernel File Systems...
         Starting Remount Root and Kernel File Systems...
[   14.456077] systemd[1]: Mounting Debug File System...
         Mounting Debug File System...
[   14.459386] systemd[1]: Starting Uncomplicated firewall...
         Starting Uncomplicated firewall...
[   14.463849] EXT4-fs (sda1): re-mounted. Opts: (null)
[   14.484727] systemd[1]: Reached target Swap.
[[0;32m  OK  [0m] Reached target Swap.
[   14.511091] systemd[1]: Listening on udev Kernel Socket.
[[0;32m  OK  [0m] Listening on udev Kernel Socket.
[   14.622718] systemd[1]: Listening on /dev/initctl Compatibility Named Pipe.
[[0;32m  OK  [0m] Listening on /dev/initctl Compatibility Named Pipe.
[   14.667620] systemd[1]: Created slice system-serial\x2dgetty.slice.
[[0;32m  OK  [0m] Created slice system-serial\x2dgetty.slice.
[   14.735387] systemd[1]: Listening on udev Control Socket.
[[0;32m  OK  [0m] Listening on udev Control Socket.
[   14.790637] systemd[1]: Started Forward Password Requests to Wall Directory Watch.
[[0;32m  OK  [0m] Started Forward Password Requests to Wall Directory Watch.
[   14.826093] systemd[1]: Reached target User and Group Name Lookups.
[[0;32m  OK  [0m] Reached target User and Group Name Lookups.
[   14.902011] systemd[1]: Listening on LVM2 poll daemon socket.
[[0;32m  OK  [0m] Listening on LVM2 poll daemon socket.
[   14.987346] systemd[1]: Mounted Debug File System.
[[0;32m  OK  [0m] Mounted Debug File System.
[   15.074256] systemd[1]: Mounted POSIX Message Queue File System.
[[0;32m  OK  [0m] Mounted POSIX Message Queue File System.
[   15.156626] systemd[1]: Mounted Huge Pages File System.
[[0;32m  OK  [0m] Mounted Huge Pages File System.
[   15.320679] systemd[1]: Started Journal Service.
[[0;32m  OK  [0m] Started Journal Service.
[[0;32m  OK  [0m] Started Create list of required sta...ce nodes for the current kernel.
[[0;32m  OK  [0m] Started Set console keymap.
[[0;32m  OK  [0m] Started Load Kernel Modules.
[[0;32m  OK  [0m] Started Remount Root and Kernel File Systems.
[[0;32m  OK  [0m] Started Uncomplicated firewall.
[[0;32m  OK  [0m] Started Names[   15.449030] random: nonblocking pool is initialized
erver information manager.
[[0;32m  OK  [0m] Started LVM2 metadata daemon.
         Starting udev Coldplug all Devices...
         Starting Load/Save Random Seed...
         Mounting FUSE Control File System...
         Starting Apply Kernel Variables...
         Starting Create Static Device Nodes in /dev...
         Starting Flush Journal to Persistent Storage...
[[0;32m  OK  [0m] Mounted FUSE Control File System.
[[0;32m  OK  [0m] Started Load/Save Random Seed.
[[0;32m  OK  [0m] Started Apply Kernel Variables.
[[0;32m  OK  [0m] Started Create Static Device Nodes in /dev.
[[0;32m  OK  [0m] Started udev Coldplug all Devices.
[[0;32m  OK  [0m] Started Flush Journal to Persistent Storage.
         Starting udev Kernel Device Manager...
[[0;32m  OK  [0m] Started Monitoring of LVM2 mirrors,...ng dmeventd or progress polling.
[[0;32m  OK  [0m] Started udev Kernel Device Manager.
[[0;32m  OK  [0m] Started Dispatch Password Requests to Console Directory Watch.
[[0;32m  OK  [0m] Reached target Local File Systems (Pre).
[[0;32m  OK  [0m] Reached target Local File Systems.
         Starting Set console font and keymap...
         Starting Create Volatile Files and Directories...
         Starting LSB: AppArmor initialization...
         Starting Tell Plymouth To Write Out Runtime Data...
         Starting Initial cloud-init job (pre-networking)...
[[0;32m  OK  [0m] Started Create Volatile Files and Directories.
[[0;32m  OK  [0m] Started Tell Plymouth To Write Out Runtime Data.
[[0;32m  OK  [0m] Found device /dev/ttyS0.
[[0;32m  OK  [0m] Started Set console font and keymap.
[[0;32m  OK  [0m] Listening on Load/Save RF Kill Switch Status /dev/rfkill Watch.
[[0;32m  OK  [0m] Created slice system-getty.slice.
         Starting Update UTMP about System Boot/Shutdown...
[[0;32m  OK  [0m] Started Update UTMP about System Boot/Shutdown.
[[0;32m  OK  [0m] Started LSB: AppArmor initialization.
[[0;32m  OK  [0m] Found device 82540EM Gigabit Ethern...r (PRO/1000 MT Desktop Adapter).
[   13.041988] cloud-init[514]: Cloud-init v. 18.3-9-g2e62cb8a-0ubuntu1~16.04.2 running 'init-local' at Thu, 30 Aug 2018 04:53:57 +0000. Up 12.83 seconds.
[[0;32m  OK  [0m] Started Initial cloud-init job (pre-networking).
[[0;32m  OK  [0m] Reached target Network (Pre).
[[0;32m  OK  [0m] Started ifup for enp0s3.
[[0;32m  OK  [0m] Started ifup for enp0s8.
         Starting Raise network interfaces...
[[0;32m  OK  [0m] Started Raise network interfaces.
         Starting Initial cloud-init job (metadata service crawler)...
[[0;32m  OK  [0m] Reached target Network.
[   13.710308] cloud-init[1070]: Cloud-init v. 18.3-9-g2e62cb8a-0ubuntu1~16.04.2 running 'init' at Thu, 30 Aug 2018 04:53:58 +0000. Up 13.46 seconds.
[   13.736823] cloud-init[1070]: ci-info: ++++++++++++++++++++++++++++++++++++++Net device info+++++++++++++++++++++++++++++++++++++++
[   13.878492] cloud-init[1070]: ci-info: +--------+------+-----------------------------+---------------+--------+-------------------+
[[0;32m  OK  [0m] Started Initial cloud-init job (metadata service crawler).
[   13.968030] cloud-init[1070]: ci-info: | Device |  Up  |           Address           |      Mask     | Scope  |     Hw-Address    |
[   14.036744] cloud-init[1070]: ci-info: +--------+------+-----------------------------+---------------+--------+-------------------+
[   14.104823] cloud-init[1070]: ci-info: | enp0s3 | True |          10.0.2.15          | 255.255.255.0 | global | 02:48:3e:15:b5:0c |
[[0;32m  OK  [0m[   14.168494] cloud-init[1070]: ci-info: | enp0s3 | True |  fe80::48:3eff:fe15:b50c/64 |       .       |  link  | 02:48:3e:15:b5:0c |
[   14.169294] cloud-init[1070]: ci-info: | enp0s8 | True |         172.16.1.10         | 255.255.255.0 | global | 08:00:27:62:c4:26 |
[   14.169340] cloud-init[1070]: ci-info: | enp0s8 | True | fe80::a00:27ff:fe62:c426/64 |       .       |  link  | 08:00:27:62:c4:26 |
[   14.169370] cloud-init[1070]: ci-info: |   lo   | True |          127.0.0.1          |   255.0.0.0   |  host  |         .         |
[   14.169424] cloud-init[1070]: ci-info: |   lo   | True |           ::1/128           |       .       |  host  |         .         |
[   14.169456] cloud-init[1070]: ci-info: +--------+------+-----------------------------+---------------+--------+-------------------+
[   14.169483] cloud-init[1070]: ci-info: +++++++++++++++++++++++++++Route IPv4 info++++++++++++++++++++++++++++
[   14.169519] cloud-init[1070]: ci-info: +-------+-------------+----------+---------------+-----------+-------+
[   14.169552] cloud-init[1070]: ci-info: | Route | Destination | Gateway  |    Genmask    | Interface | Flags |
[   14.169582] cloud-init[1070]: ci-info: +-------+-------------+----------+---------------+-----------+-------+
[   14.169623] cloud-init[1070]: ci-info: |   0   |   0.0.0.0   | 10.0.2.2 |    0.0.0.0    |   enp0s3  |   UG  |
[   14.169659] cloud-init[1070]: ci-info: |   1   |   10.0.2.0  | 0.0.0.0  | 255.255.255.0 |   enp0s3  |   U   |
[   14.169688] cloud-init[1070]: ci-info: |   2   |  172.16.1.0 | 0.0.0.0  | 255.255.255.0 |   enp0s8  |   U   |
[   14.169747] cloud-init[1070]: ci-info: +-------+-------------+----------+---------------+-----------+-------+
[   14.169780] cloud-init[1070]: ci-info: +++++++++++++++++++Route IPv6 info+++++++++++++++++++
[   14.169808] cloud-init[1070]: ci-info: +-------+-------------+---------+-----------+-------+
[   14.169893] cloud-init[1070]: ci-info: | Route | Destination | Gateway | Interface | Flags |
[   14.169935] cloud-init[1070]: ci-info: +-------+-------------+---------+-----------+-------+
[   14.169968] cloud-init[1070]: ci-info: |   0   |  fe80::/64  |    ::   |   enp0s3  |   U   |
[   14.169995] cloud-init[1070]: ci-info: |   1   |  fe80::/64  |    ::   |   enp0s8  |   U   |
[   14.170030] cloud-init[1070]: ci-info: |   4   |   ff00::/8  |    ::   |   enp0s3  |   U   |
[   14.170063] cloud-init[1070]: ci-info: |   5   |   ff00::/8  |    ::   |   enp0s8  |   U   |
[   14.170091] cloud-init[1070]: ci-info: +-------+-------------+---------+-----------+-------+
] Reached target Network is Online.
         Starting iSCSI initiator daemon (iscsid)...
[[0;32m  OK  [0m] Reached target Cloud-config availability.
[[0;32m  OK  [0m] Reached target System Initialization.
[[0;32m  OK  [0m] Listening on D-Bus System Message Bus Socket.
[[0;32m  OK  [0m] Started Daily apt download activities.
         Starting Socket activation for snappy daemon.
         Starting LXD - unix socket.
[[0;32m  OK  [0m] Started Daily Cleanup of Temporary Directories.
[[0;32m  OK  [0m] Started ACPI Events Check.
[[0;32m  OK  [0m] Reached target Paths.
[[0;32m  OK  [0m] Listening on ACPID Listen Socket.
[[0;32m  OK  [0m] Started Daily apt upgrade and clean activities.
[[0;32m  OK  [0m] Reached target Timers.
[[0;32m  OK  [0m] Listening on UUID daemon activation socket.
[[0;32m  OK  [0m] Listening on Socket activation for snappy daemon.
[[0;32m  OK  [0m] Listening on LXD - unix socket.
[[0;32m  OK  [0m] Started iSCSI initiator daemon (iscsid).
         Starting Login to default iSCSI targets...
[[0;32m  OK  [0m] Reached target Sockets.
[[0;32m  OK  [0m] Reached target Basic System.
[[0;32m  OK  [0m] Started ACPI event daemon.
         Starting /etc/rc.local Compatibility...
         Starting LXD - container startup/shutdown...
         Starting Accounts Service...
[[0;32m  OK  [0m] Started Regular background program processing daemon.
         Starting Login Service...
         Starting OpenBSD Secure Shell server...
[[0;32m  OK  [0m] Started Deferred execution scheduler.
[[0;32m  OK  [0m] Started FUSE filesystem for LXC.
[[0;32m  OK  [0m] Started D-Bus System Message Bus.
         Starting vboxadd.service...
         Starting LSB: MD monitoring daemon...
         Starting System Logging Service...
[[0;32m  OK  [0m] Started Unattended Upgrades Shutdown.
         Starting LSB: Record successful boot for GRUB...
         Starting Snappy daemon...
[[0;32m  OK  [0m] Started OpenBSD Secure Shell server.
[[0;32m  OK  [0m] Started System Logging Service.
[[0;32m  OK  [0m] Started /etc/rc.local Compatibility.
[[0;32m  OK  [0m] Started LXD - container startup/shutdown.
[[0;32m  OK  [0m] Started Login to default iSCSI targets.
[[0;32m  OK  [0m] Started LSB: MD monitoring daemon.
[[0;32m  OK  [0m] Started Login Service.
         Starting Authenticate and Authorize Users to Run Privileged Tasks...
[[0;32m  OK  [0m] Reached target Remote File Systems (Pre).
[[0;32m  OK  [0m] Reached target Remote File Systems.
         Starting LSB: daemon to balance interrupts for SMP systems...
         Starting LSB: Set the CPU Frequency Scaling governor to "ondemand"...
         Starting LSB: automatic crash report generation...
         Starting Permit User Sessions...
[[0;32m  OK  [0m] Started LSB: Record successful boot for GRUB.
[[0;32m  OK  [0m] Started vboxadd.service.
[[0;32m  OK  [0m] Started Permit User Sessions.
[[0;32m  OK  [0m] Started Snappy daemon.
[[0;32m  OK  [0m] Started Authenticate and Authorize Users to Run Privileged Tasks.
[[0;32m  OK  [0m] Started Accounts Service.
[[0;32m  OK  [0m] Started LSB: Set the CPU Frequency Scaling governor to "ondemand".
[[0;32m  OK  [0m] Started LSB: daemon to balance interrupts for SMP systems.
         Starting Wait until snapd is fully seeded...
         Starting Terminate Plymouth Boot Screen...
         Starting Hold until boot process finishes up...
         Starting vboxadd-service.service...
[[0;32m  OK  [0m] Started LSB: automatic crash report generation.
[[0;32m  OK  [0m] Started Wait until snapd is fully seeded.
[[0;32m  OK  [0m] Started Terminate Plymouth Boot Screen.
[[0;32m  OK  [0m] Started Hold until boot process finishes up.
[[0;32m  OK  [0m] Started vboxadd-service.service.
[[0;32m  OK  [0m] Created slice User Slice of vagrant.
         Starting User Manager for UID 1000...
[[0;32m  OK  [0m] Started Session 1 of user vagrant.
[[0;32m  OK  [0m] Started Getty on tty1.
[[0;32m  OK  [0m] Started Serial Getty on ttyS0.
[[0;32m  OK  [0m] Reached target Login Prompts.
         Starting Set console scheme...
         Starting Apply the settings specified in cloud-config...
[[0;32m  OK  [0m] Reached target Multi-User System.
[[0;32m  OK  [0m] Reached target Graphical Interface.
         Starting Update UTMP about System Runlevel Changes...
[[0;32m  OK  [0m] Started User Manager for UID 1000.
[[0;32m  OK  [0m] Started Set console scheme.
[[0;32m  OK  [0m] Started Update UTMP about System Runlevel Changes.
[   16.112427] cloud-init[1361]: Cloud-init v. 18.3-9-g2e62cb8a-0ubuntu1~16.04.2 running 'modules:config' at Thu, 30 Aug 2018 04:54:00 +0000. Up 15.97 seconds.
[[0;32m  OK  [0m] Started Apply the settings specified in cloud-config.
         Starting Execute cloud user/final scripts...
[   16.568079] cloud-init[1437]: Cloud-init v. 18.3-9-g2e62cb8a-0ubuntu1~16.04.2 running 'modules:final' at Thu, 30 Aug 2018 04:54:01 +0000. Up 16.45 seconds.
[   16.608265] [cloud-init[0;32m  OK  [0m[1437]: ] Cloud-init v. 18.3-9-g2e62cb8a-0ubuntu1~16.04.2 finished at Thu, 30 Aug 2018 04:54:01 +0000. Datasource DataSourceNoCloud [seed=/dev/sdb][dsmode=net].  Up 16.56 secondsStarted Execute cloud user/final scripts.

         Starting Daily apt download activities...
[[0;32m  OK  [0m] Reached target Cloud-init target.

Ubuntu 16.04.5 LTS ubuntu-xenial ttyS0

ubuntu-xenial login: 